d:\work\it266\quake2-full\game\release\m_berserk.obj
d:\work\it266\quake2-full\game\release\m_actor.obj
d:\work\it266\quake2-full\game\release\g_weapon.obj
d:\work\it266\quake2-full\game\release\g_utils.obj
d:\work\it266\quake2-full\game\release\g_turret.obj
d:\work\it266\quake2-full\game\release\g_trigger.obj
d:\work\it266\quake2-full\game\release\g_target.obj
d:\work\it266\quake2-full\game\release\g_svcmds.obj
d:\work\it266\quake2-full\game\release\g_spawn.obj
d:\work\it266\quake2-full\game\release\g_save.obj
d:\work\it266\quake2-full\game\release\g_phys.obj
d:\work\it266\quake2-full\game\release\g_monster.obj
d:\work\it266\quake2-full\game\release\g_misc.obj
d:\work\it266\quake2-full\game\release\g_main.obj
d:\work\it266\quake2-full\game\release\g_items.obj
d:\work\it266\quake2-full\game\release\g_func.obj
d:\work\it266\quake2-full\game\release\g_combat.obj
d:\work\it266\quake2-full\game\release\g_cmds.obj
d:\work\it266\quake2-full\game\release\g_chase.obj
d:\work\it266\quake2-full\game\release\g_ai.obj
d:\work\it266\quake2-full\game\release\m_soldier.obj
d:\work\it266\quake2-full\game\release\m_parasite.obj
d:\work\it266\quake2-full\game\release\m_mutant.obj
d:\work\it266\quake2-full\game\release\m_move.obj
d:\work\it266\quake2-full\game\release\m_medic.obj
d:\work\it266\quake2-full\game\release\m_insane.obj
d:\work\it266\quake2-full\game\release\m_infantry.obj
d:\work\it266\quake2-full\game\release\m_hover.obj
d:\work\it266\quake2-full\game\release\m_gunner.obj
d:\work\it266\quake2-full\game\release\m_gladiator.obj
d:\work\it266\quake2-full\game\release\m_flyer.obj
d:\work\it266\quake2-full\game\release\m_float.obj
d:\work\it266\quake2-full\game\release\m_flipper.obj
d:\work\it266\quake2-full\game\release\m_flash.obj
d:\work\it266\quake2-full\game\release\m_chick.obj
d:\work\it266\quake2-full\game\release\m_brain.obj
d:\work\it266\quake2-full\game\release\m_boss32.obj
d:\work\it266\quake2-full\game\release\m_boss31.obj
d:\work\it266\quake2-full\game\release\m_boss3.obj
d:\work\it266\quake2-full\game\release\m_boss2.obj
d:\work\it266\quake2-full\game\release\q_shared.obj
d:\work\it266\quake2-full\game\release\p_weapon.obj
d:\work\it266\quake2-full\game\release\p_view.obj
d:\work\it266\quake2-full\game\release\p_trail.obj
d:\work\it266\quake2-full\game\release\p_hud.obj
d:\work\it266\quake2-full\game\release\p_client.obj
d:\work\it266\quake2-full\game\release\m_tank.obj
d:\work\it266\quake2-full\game\release\m_supertank.obj
d:\work\it266\quake2-full\release\gamex86.lib
d:\work\it266\quake2-full\release\gamex86.exp
d:\work\it266\quake2-full\release\gamex86.dll
d:\work\it266\quake2-full\game\release\game.tlog\cl.command.1.tlog
d:\work\it266\quake2-full\game\release\game.tlog\cl.read.1.tlog
d:\work\it266\quake2-full\game\release\game.tlog\cl.write.1.tlog
d:\work\it266\quake2-full\game\release\game.tlog\game.write.1u.tlog
d:\work\it266\quake2-full\game\release\game.tlog\link.command.1.tlog
d:\work\it266\quake2-full\game\release\game.tlog\link.read.1.tlog
d:\work\it266\quake2-full\game\release\game.tlog\link.write.1.tlog
