d:\work\it266\quake2-full\ctf\release\vc120.pdb
d:\work\it266\quake2-full\ctf\release\p_client.obj
d:\work\it266\quake2-full\ctf\release\m_move.obj
d:\work\it266\quake2-full\ctf\release\g_weapon.obj
d:\work\it266\quake2-full\ctf\release\g_utils.obj
d:\work\it266\quake2-full\ctf\release\g_trigger.obj
d:\work\it266\quake2-full\ctf\release\g_target.obj
d:\work\it266\quake2-full\ctf\release\g_svcmds.obj
d:\work\it266\quake2-full\ctf\release\g_spawn.obj
d:\work\it266\quake2-full\ctf\release\g_save.obj
d:\work\it266\quake2-full\ctf\release\g_phys.obj
d:\work\it266\quake2-full\ctf\release\g_monster.obj
d:\work\it266\quake2-full\ctf\release\g_misc.obj
d:\work\it266\quake2-full\ctf\release\g_main.obj
d:\work\it266\quake2-full\ctf\release\g_items.obj
d:\work\it266\quake2-full\ctf\release\g_func.obj
d:\work\it266\quake2-full\ctf\release\g_ctf.obj
d:\work\it266\quake2-full\ctf\release\g_combat.obj
d:\work\it266\quake2-full\ctf\release\g_cmds.obj
d:\work\it266\quake2-full\ctf\release\g_chase.obj
d:\work\it266\quake2-full\ctf\release\g_ai.obj
d:\work\it266\quake2-full\ctf\release\q_shared.obj
d:\work\it266\quake2-full\ctf\release\p_weapon.obj
d:\work\it266\quake2-full\ctf\release\p_view.obj
d:\work\it266\quake2-full\ctf\release\p_trail.obj
d:\work\it266\quake2-full\ctf\release\p_menu.obj
d:\work\it266\quake2-full\ctf\release\p_hud.obj
d:\work\it266\quake2-full\ctf\release\gamex86.lib
d:\work\it266\quake2-full\ctf\release\gamex86.exp
d:\work\it266\quake2-full\ctf\release\gamex86.dll
d:\work\it266\quake2-full\ctf\release\ctf.tlog\cl.command.1.tlog
d:\work\it266\quake2-full\ctf\release\ctf.tlog\cl.read.1.tlog
d:\work\it266\quake2-full\ctf\release\ctf.tlog\cl.write.1.tlog
d:\work\it266\quake2-full\ctf\release\ctf.tlog\ctf.write.1u.tlog
d:\work\it266\quake2-full\ctf\release\ctf.tlog\link.command.1.tlog
d:\work\it266\quake2-full\ctf\release\ctf.tlog\link.read.1.tlog
d:\work\it266\quake2-full\ctf\release\ctf.tlog\link.write.1.tlog
