d:\work\it266\quake2-full\release\x86.obj
d:\work\it266\quake2-full\release\snd_mix.obj
d:\work\it266\quake2-full\release\snd_mem.obj
d:\work\it266\quake2-full\release\snd_dma.obj
d:\work\it266\quake2-full\release\qmenu.obj
d:\work\it266\quake2-full\release\menu.obj
d:\work\it266\quake2-full\release\keys.obj
d:\work\it266\quake2-full\release\console.obj
d:\work\it266\quake2-full\release\cl_view.obj
d:\work\it266\quake2-full\release\cl_tent.obj
d:\work\it266\quake2-full\release\cl_scrn.obj
d:\work\it266\quake2-full\release\cl_pred.obj
d:\work\it266\quake2-full\release\cl_parse.obj
d:\work\it266\quake2-full\release\cl_newfx.obj
d:\work\it266\quake2-full\release\cl_main.obj
d:\work\it266\quake2-full\release\cl_inv.obj
d:\work\it266\quake2-full\release\cl_input.obj
d:\work\it266\quake2-full\release\cl_fx.obj
d:\work\it266\quake2-full\release\cl_ents.obj
d:\work\it266\quake2-full\release\cl_cin.obj
d:\work\it266\quake2-full\release\cd_win.obj
d:\work\it266\quake2-full\release\sv_world.obj
d:\work\it266\quake2-full\release\sv_user.obj
d:\work\it266\quake2-full\release\sv_send.obj
d:\work\it266\quake2-full\release\sv_main.obj
d:\work\it266\quake2-full\release\sv_init.obj
d:\work\it266\quake2-full\release\sv_game.obj
d:\work\it266\quake2-full\release\sv_ents.obj
d:\work\it266\quake2-full\release\sv_ccmds.obj
d:\work\it266\quake2-full\release\pmove.obj
d:\work\it266\quake2-full\release\net_chan.obj
d:\work\it266\quake2-full\release\md4.obj
d:\work\it266\quake2-full\release\files.obj
d:\work\it266\quake2-full\release\cvar.obj
d:\work\it266\quake2-full\release\crc.obj
d:\work\it266\quake2-full\release\common.obj
d:\work\it266\quake2-full\release\cmodel.obj
d:\work\it266\quake2-full\release\cmd.obj
d:\work\it266\quake2-full\release\q_shared.obj
d:\work\it266\quake2-full\release\m_flash.obj
d:\work\it266\quake2-full\release\vid_menu.obj
d:\work\it266\quake2-full\release\vid_dll.obj
d:\work\it266\quake2-full\release\sys_win.obj
d:\work\it266\quake2-full\release\snd_win.obj
d:\work\it266\quake2-full\release\q_shwin.obj
d:\work\it266\quake2-full\release\net_wins.obj
d:\work\it266\quake2-full\release\in_win.obj
d:\work\it266\quake2-full\release\conproc.obj
d:\work\it266\quake2-full\release\quake2.exe
d:\work\it266\quake2-full\release\q2.res
d:\work\it266\quake2-full\.\release\quake2.exe
d:\work\it266\quake2-full\release\quake2.tlog\cl.command.1.tlog
d:\work\it266\quake2-full\release\quake2.tlog\cl.read.1.tlog
d:\work\it266\quake2-full\release\quake2.tlog\cl.write.1.tlog
d:\work\it266\quake2-full\release\quake2.tlog\link.command.1.tlog
d:\work\it266\quake2-full\release\quake2.tlog\link.read.1.tlog
d:\work\it266\quake2-full\release\quake2.tlog\link.write.1.tlog
d:\work\it266\quake2-full\release\quake2.tlog\rc.command.1.tlog
d:\work\it266\quake2-full\release\quake2.tlog\rc.read.1.tlog
d:\work\it266\quake2-full\release\quake2.tlog\rc.write.1.tlog
